08-10 21:51:56 com_github_MitjaNemec_PlaceFootprints.action_place_footprints 647:Plugin executed on: 'win32'
08-10 21:51:56 com_github_MitjaNemec_PlaceFootprints.action_place_footprints 648:Plugin executed with python version: '3.11.5 (main, Jul 16 2024, 08:01:06) [MSC v.1939 64 bit (AMD64)]'
08-10 21:51:56 com_github_MitjaNemec_PlaceFootprints.action_place_footprints 649:KiCad build version: 8.0.4
08-10 21:51:56 com_github_MitjaNemec_PlaceFootprints.action_place_footprints 650:Plugin version: 3.0.0
08-10 21:51:56 com_github_MitjaNemec_PlaceFootprints.action_place_footprints 651:Frame repr: <wx._core.Frame object at 0x0000024DB73641F0>
08-10 21:51:56 com_github_MitjaNemec_PlaceFootprints.place_footprints 121:getting a list of all footprints on board
08-10 21:51:56 com_github_MitjaNemec_PlaceFootprints.place_footprints 156:Footprint U7 on root level
08-10 21:51:56 com_github_MitjaNemec_PlaceFootprints.place_footprints 156:Footprint J1 on root level
08-10 21:51:56 com_github_MitjaNemec_PlaceFootprints.place_footprints 156:Footprint C16 on root level
08-10 21:51:56 com_github_MitjaNemec_PlaceFootprints.place_footprints 156:Footprint C15 on root level
08-10 21:51:56 com_github_MitjaNemec_PlaceFootprints.place_footprints 156:Footprint C14 on root level
08-10 21:51:56 com_github_MitjaNemec_PlaceFootprints.place_footprints 156:Footprint C13 on root level
08-10 21:52:04 com_github_MitjaNemec_PlaceFootprints.action_place_footprints 830:Reference designator is: D
08-10 21:52:04 com_github_MitjaNemec_PlaceFootprints.action_place_footprints 831:Reference number is: 1
08-10 21:52:04 com_github_MitjaNemec_PlaceFootprints.action_place_footprints 863:Sorted and filtered list:
['D1', 'D2', 'D3', 'D4', 'D5', 'D6']
08-10 21:52:04 com_github_MitjaNemec_PlaceFootprints.action_place_footprints 359:wx.Colour(240, 240, 240, 255)
08-10 21:52:14 com_github_MitjaNemec_PlaceFootprints.action_place_footprints 490:'60.2'
08-10 21:52:16 com_github_MitjaNemec_PlaceFootprints.action_place_footprints 490:'60.2'
08-10 21:52:23 com_github_MitjaNemec_PlaceFootprints.action_place_footprints 490:'60.2'
08-10 21:52:23 com_github_MitjaNemec_PlaceFootprints.action_place_footprints 536:Preparing config for reference linear
08-10 21:52:23 com_github_MitjaNemec_PlaceFootprints.action_place_footprints 556:Saving config file
08-10 21:52:23 com_github_MitjaNemec_PlaceFootprints.action_place_footprints 558:Saved the config file
08-10 21:52:23 com_github_MitjaNemec_PlaceFootprints.action_place_footprints 901:Footprints to place:
['D1', 'D2', 'D3', 'D4', 'D5', 'D6']
08-10 21:52:23 com_github_MitjaNemec_PlaceFootprints.place_footprints 367:Starting placing with linear layout
08-10 21:52:23 com_github_MitjaNemec_PlaceFootprints.action_place_footprints 942:Placing complete
